<?xml version="1.0" encoding="UTF-8"?>
<!-- Generated by org.testng.reporters.JUnitReportReporter -->
<testsuite hostname="Fatais-MacBook-Pro.local" failures="0" tests="1" name="iOSTest.IOS_basics" time="21.445" errors="0" timestamp="2024-07-19T11:25:53 WAT" skipped="0">
  <testcase classname="iOSTest.IOS_basics" name="Setup" time="21.445"/>
</testsuite> <!-- iOSTest.IOS_basics -->
