<?xml version="1.0" encoding="UTF-8"?>
<!-- Generated by org.testng.reporters.JUnitReportReporter -->
<testsuite hostname="Fatais-MacBook-Pro.local" failures="0" tests="1" name="AndroidTest.Assessment" time="9.617" errors="0" timestamp="2024-07-11T18:12:24 WAT" skipped="0">
  <testcase classname="AndroidTest.Assessment" name="Setup" time="9.617"/>
</testsuite> <!-- AndroidTest.Assessment -->
