<?xml version="1.0" encoding="UTF-8"?>
<!-- Generated by org.testng.reporters.JUnitReportReporter -->
<testsuite hostname="Fatais-MacBook-Pro.local" failures="0" tests="1" name="iOSTest.Gestures" time="39.872" errors="0" timestamp="2024-07-19T11:29:42 WAT" skipped="0">
  <testcase classname="iOSTest.Gestures" name="Setup" time="39.872"/>
</testsuite> <!-- iOSTest.Gestures -->
